Arguments:
  /usr/local/Cellar/node/10.5.0_1/bin/node /usr/local/Cellar/yarn/1.7.0/libexec/bin/yarn.js install --mutex network:42424 --non-interactive

PATH:
  /Users/marcosmoura/Projects/vuematerial/vue-material/packages/vue-material/node_modules/.bin:/Users/marcosmoura/Projects/vuematerial/vue-material/packages/node_modules/.bin:/Users/marcosmoura/Projects/vuematerial/vue-material/node_modules/.bin:/Users/marcosmoura/Projects/vuematerial/node_modules/.bin:/Users/marcosmoura/Projects/node_modules/.bin:/Users/marcosmoura/node_modules/.bin:/Users/node_modules/.bin:/node_modules/.bin:/usr/local/Cellar/node/10.5.0_1/bin:/Users/marcosmoura/Projects/vuematerial/vue-material/node_modules/.bin:/Users/marcosmoura/.config/yarn/link/node_modules/.bin:/Users/marcosmoura/Projects/vuematerial/vue-material/node_modules/.bin:/Users/marcosmoura/.config/yarn/link/node_modules/.bin:/usr/local/Cellar/node/10.5.0_1/libexec/lib/node_modules/npm/bin/node-gyp-bin:/usr/local/Cellar/node/10.5.0_1/lib/node_modules/npm/bin/node-gyp-bin:/usr/local/Cellar/node/10.5.0_1/bin/node_modules/npm/bin/node-gyp-bin:/usr/local/Cellar/node/10.5.0_1/bin:/Users/marcosmoura/flutter/bin:/usr/local/bin:/usr/bin:/bin:/usr/sbin:/sbin:/Users/marcosmoura/flutter/bin:/Users/marcosmoura/Library/Android/sdk/tools:/Users/marcosmoura/Library/Android/sdk/tools/bin:/Users/marcosmoura/Library/Android/sdk/platform-tools:/Users/marcosmoura/Library/Android/sdk/tools:/Users/marcosmoura/Library/Android/sdk/tools/bin:/Users/marcosmoura/Library/Android/sdk/platform-tools

Yarn version:
  1.7.0

Node version:
  10.5.0

Platform:
  darwin x64

Trace:
  Error: https://registry.yarnpkg.com/@vuematerial%2ftoolbar: Not found
      at Request.params.callback [as _callback] (/usr/local/Cellar/yarn/1.7.0/libexec/lib/cli.js:65656:18)
      at Request.self.callback (/usr/local/Cellar/yarn/1.7.0/libexec/lib/cli.js:134675:22)
      at Request.emit (events.js:182:13)
      at Request.<anonymous> (/usr/local/Cellar/yarn/1.7.0/libexec/lib/cli.js:135658:10)
      at Request.emit (events.js:182:13)
      at IncomingMessage.<anonymous> (/usr/local/Cellar/yarn/1.7.0/libexec/lib/cli.js:135578:12)
      at Object.onceWrapper (events.js:273:13)
      at IncomingMessage.emit (events.js:187:15)
      at endReadableNT (_stream_readable.js:1081:12)
      at process._tickCallback (internal/process/next_tick.js:63:19)

npm manifest:
  {
  	"name": "vue-material",
  	"description": "Material Design for Vue.js",
  	"version": "2.0.0",
  	"license": "MIT",
  	"author": {
  		"name": "marcosmoura",
  		"email": "marcosvmmoura@gmail.com"
  	},
  	"repository": {
  		"type": "git",
  		"url": "git+https://github.com/vuematerial/vue-material.git"
  	},
  	"bugs": {
  		"url": "https://github.com/vuematerial/vue-material/issues"
  	},
  	"dependencies": {
  		"@vuematerial/toolbar": "^2.0.0"
  	}
  }

yarn manifest:
  No manifest

Lockfile:
  No lockfile
